TN:
SF:server\src\app.js
FNF:0
FNH:0
DA:1,2
DA:2,2
DA:3,2
DA:4,2
DA:5,2
DA:6,2
DA:7,2
DA:8,2
DA:9,2
DA:11,2
DA:14,2
DA:15,2
DA:16,2
DA:17,2
DA:20,2
DA:24,2
DA:27,2
DA:28,2
DA:31,2
DA:32,2
DA:35,2
LF:21
LH:21
BRDA:15,0,0,2
BRDA:15,0,1,0
BRDA:21,1,0,2
BRDA:21,1,1,0
BRDA:22,2,0,2
BRDA:22,2,1,0
BRF:6
BRH:3
end_of_record
TN:
SF:server\src\utils.js
FN:3,(anonymous_0)
FN:8,(anonymous_1)
FN:12,(anonymous_2)
FN:17,(anonymous_3)
FNF:4
FNH:0
FNDA:0,(anonymous_0)
FNDA:0,(anonymous_1)
FNDA:0,(anonymous_2)
FNDA:0,(anonymous_3)
DA:1,2
DA:3,2
DA:4,0
DA:5,0
DA:8,2
DA:9,0
DA:12,2
DA:13,0
DA:14,0
DA:17,2
DA:18,0
DA:19,0
DA:20,0
DA:21,0
DA:23,0
DA:26,2
LF:16
LH:6
BRDA:9,0,0,0
BRDA:9,0,1,0
BRDA:17,1,0,0
BRF:3
BRH:0
end_of_record
TN:
SF:server\src\config\config.js
FN:37,(anonymous_0)
FNF:1
FNH:1
FNDA:18,(anonymous_0)
DA:1,2
DA:2,2
DA:5,2
DA:6,2
DA:9,2
DA:35,2
DA:38,18
DA:39,18
DA:41,2
DA:42,2
DA:43,0
DA:44,0
DA:45,0
DA:46,0
DA:48,0
DA:51,18
DA:55,2
LF:17
LH:12
BRDA:39,0,0,2
BRDA:39,0,1,16
BRDA:41,1,0,2
BRDA:41,1,1,0
BRDA:43,2,0,0
BRDA:43,2,1,0
BRDA:45,3,0,0
BRDA:45,3,1,0
BRF:8
BRH:3
end_of_record
TN:
SF:server\src\middleware\auth.js
FN:4,(anonymous_0)
FNF:1
FNH:0
FNDA:0,(anonymous_0)
DA:1,2
DA:2,2
DA:4,2
DA:5,0
DA:7,0
DA:9,0
DA:10,0
DA:13,0
DA:15,0
DA:18,0
DA:20,0
DA:22,0
DA:25,0
DA:26,0
LF:14
LH:3
BRDA:9,0,0,0
BRDA:9,0,1,0
BRDA:15,1,0,0
BRDA:15,1,1,0
BRF:4
BRH:0
end_of_record
TN:
SF:server\src\middleware\errorHandler.js
FN:3,(anonymous_0)
FNF:1
FNH:0
FNDA:0,(anonymous_0)
DA:1,2
DA:3,2
DA:5,0
DA:15,0
DA:18,0
DA:27,2
LF:6
LH:3
BRDA:15,0,0,0
BRDA:15,0,1,0
BRDA:21,1,0,0
BRDA:21,1,1,0
BRF:4
BRH:0
end_of_record
TN:
SF:server\src\middleware\logger.js
FN:26,(anonymous_0)
FN:36,(anonymous_1)
FNF:2
FNH:0
FNDA:0,(anonymous_0)
FNDA:0,(anonymous_1)
DA:1,2
DA:2,2
DA:3,2
DA:6,2
DA:19,2
DA:20,2
DA:26,2
DA:27,0
DA:32,0
DA:36,2
DA:37,0
DA:44,0
DA:48,2
LF:13
LH:9
BRDA:7,0,0,2
BRDA:7,0,1,0
BRDA:19,1,0,2
BRDA:19,1,1,0
BRF:4
BRH:2
end_of_record
TN:
SF:server\src\models\User.js
FN:36,(anonymous_0)
FN:49,(anonymous_1)
FNF:2
FNH:0
FNDA:0,(anonymous_0)
FNDA:0,(anonymous_1)
DA:1,2
DA:2,2
DA:4,2
DA:36,2
DA:37,0
DA:39,0
DA:40,0
DA:41,0
DA:42,0
DA:44,0
DA:49,2
DA:50,0
DA:53,2
DA:55,2
LF:14
LH:7
BRDA:37,0,0,0
BRDA:37,0,1,0
BRF:2
BRH:0
end_of_record
TN:
SF:server\src\routes\authRoutes.js
FN:14,(anonymous_0)
FN:20,(anonymous_1)
FN:26,(anonymous_2)
FN:61,(anonymous_3)
FN:78,(anonymous_4)
FN:110,(anonymous_5)
FNF:6
FNH:0
FNDA:0,(anonymous_0)
FNDA:0,(anonymous_1)
FNDA:0,(anonymous_2)
FNDA:0,(anonymous_3)
FNDA:0,(anonymous_4)
FNDA:0,(anonymous_5)
DA:1,2
DA:2,2
DA:3,2
DA:4,2
DA:5,2
DA:6,2
DA:7,2
DA:12,2
DA:15,0
DA:16,0
DA:18,0
DA:21,0
DA:22,0
DA:24,0
DA:27,0
DA:28,0
DA:29,0
DA:32,0
DA:33,0
DA:36,0
DA:37,0
DA:38,0
DA:42,0
DA:48,0
DA:51,0
DA:57,0
DA:62,0
DA:63,0
DA:67,0
DA:68,0
DA:75,2
DA:79,0
DA:80,0
DA:81,0
DA:84,0
DA:86,0
DA:88,0
DA:89,0
DA:90,0
DA:94,0
DA:95,0
DA:96,0
DA:100,0
DA:106,0
DA:111,0
DA:112,0
DA:116,0
DA:117,0
DA:121,2
LF:49
LH:10
BRDA:15,0,0,0
BRDA:15,0,1,0
BRDA:21,1,0,0
BRDA:21,1,1,0
BRDA:28,2,0,0
BRDA:28,2,1,0
BRDA:37,3,0,0
BRDA:37,3,1,0
BRDA:59,4,0,0
BRDA:59,4,1,0
BRDA:62,5,0,0
BRDA:62,5,1,0
BRDA:80,6,0,0
BRDA:80,6,1,0
BRDA:89,7,0,0
BRDA:89,7,1,0
BRDA:95,8,0,0
BRDA:95,8,1,0
BRDA:108,9,0,0
BRDA:108,9,1,0
BRDA:111,10,0,0
BRDA:111,10,1,0
BRF:22
BRH:0
end_of_record
TN:
SF:server\src\routes\userRoutes.js
FN:10,(anonymous_0)
FN:28,(anonymous_1)
FN:51,(anonymous_2)
FNF:3
FNH:0
FNDA:0,(anonymous_0)
FNDA:0,(anonymous_1)
FNDA:0,(anonymous_2)
DA:1,2
DA:2,2
DA:3,2
DA:4,2
DA:5,2
DA:10,2
DA:11,0
DA:13,0
DA:14,0
DA:17,0
DA:18,0
DA:20,0
DA:21,0
DA:28,2
DA:29,0
DA:30,0
DA:32,0
DA:33,0
DA:37,0
DA:38,0
DA:41,0
DA:43,0
DA:44,0
DA:51,2
DA:52,0
DA:54,0
DA:55,0
DA:58,0
DA:60,0
DA:61,0
DA:64,0
DA:65,0
DA:67,0
DA:68,0
DA:72,2
LF:35
LH:9
BRDA:13,0,0,0
BRDA:13,0,1,0
BRDA:32,1,0,0
BRDA:32,1,1,0
BRDA:37,2,0,0
BRDA:37,2,1,0
BRDA:37,3,0,0
BRDA:37,3,1,0
BRDA:54,4,0,0
BRDA:54,4,1,0
BRDA:60,5,0,0
BRDA:60,5,1,0
BRF:12
BRH:0
end_of_record
TN:
SF:server\tests\integration\setup.js
FN:11,ensureMongoTempDir
FN:33,setupMongo
FN:89,cleanupMongo
FN:103,clearCollections
FN:118,dropCollections
FN:134,createTestData
FNF:6
FNH:3
FNDA:2,ensureMongoTempDir
FNDA:2,setupMongo
FNDA:1,cleanupMongo
FNDA:0,clearCollections
FNDA:0,dropCollections
FNDA:0,createTestData
DA:2,2
DA:4,2
DA:5,2
DA:6,2
DA:7,2
DA:8,2
DA:12,2
DA:13,2
DA:14,2
DA:16,0
DA:21,2
DA:24,2
DA:27,2
DA:34,2
DA:36,2
DA:39,2
DA:71,2
DA:72,0
DA:74,0
DA:81,0
DA:83,0
DA:84,0
DA:90,1
DA:92,1
DA:94,1
DA:95,0
DA:97,1
DA:98,1
DA:104,0
DA:105,0
DA:106,0
DA:108,0
DA:109,0
DA:112,0
DA:113,0
DA:119,0
DA:120,0
DA:121,0
DA:123,0
DA:124,0
DA:125,0
DA:128,0
DA:129,0
DA:135,0
DA:136,0
DA:138,0
DA:153,0
DA:155,0
DA:156,0
DA:160,2
LF:50
LH:22
BRDA:108,0,0,0
BRDA:108,0,1,0
BRDA:123,1,0,0
BRDA:123,1,1,0
BRF:4
BRH:0
end_of_record
